[04-Mar-2016 21:32:01 UTC] PHP Parse error:  syntax error, unexpected ':', expecting ',' or ';' in /home/ubuntu/workspace/shoutit/database.php on line 7
[04-Mar-2016 21:32:01 UTC] PHP Stack trace:
[04-Mar-2016 21:32:01 UTC] PHP   1. {main}() /home/ubuntu/workspace/shoutit/index.php:0
[04-Mar-2016 21:32:08 UTC] PHP Parse error:  syntax error, unexpected ':', expecting ',' or ';' in /home/ubuntu/workspace/shoutit/database.php on line 7
[04-Mar-2016 21:32:08 UTC] PHP Stack trace:
[04-Mar-2016 21:32:08 UTC] PHP   1. {main}() /home/ubuntu/workspace/shoutit/index.php:0
[04-Mar-2016 21:32:35 UTC] PHP Parse error:  syntax error, unexpected ':', expecting ',' or ';' in /home/ubuntu/workspace/shoutit/database.php on line 7
[04-Mar-2016 21:32:35 UTC] PHP Stack trace:
[04-Mar-2016 21:32:35 UTC] PHP   1. {main}() /home/ubuntu/workspace/shoutit/index.php:0
[04-Mar-2016 21:32:37 UTC] PHP Parse error:  syntax error, unexpected ':', expecting ',' or ';' in /home/ubuntu/workspace/shoutit/database.php on line 7
[04-Mar-2016 21:32:37 UTC] PHP Stack trace:
[04-Mar-2016 21:32:37 UTC] PHP   1. {main}() /home/ubuntu/workspace/shoutit/index.php:0
[04-Mar-2016 21:32:38 UTC] PHP Parse error:  syntax error, unexpected ':', expecting ',' or ';' in /home/ubuntu/workspace/shoutit/database.php on line 7
[04-Mar-2016 21:32:38 UTC] PHP Stack trace:
[04-Mar-2016 21:32:38 UTC] PHP   1. {main}() /home/ubuntu/workspace/shoutit/index.php:0
[04-Mar-2016 21:32:39 UTC] PHP Parse error:  syntax error, unexpected ':', expecting ',' or ';' in /home/ubuntu/workspace/shoutit/database.php on line 7
[04-Mar-2016 21:32:39 UTC] PHP Stack trace:
[04-Mar-2016 21:32:39 UTC] PHP   1. {main}() /home/ubuntu/workspace/shoutit/index.php:0
[04-Mar-2016 21:38:03 UTC] PHP Parse error:  syntax error, unexpected ':', expecting ',' or ';' in /home/ubuntu/workspace/shoutit/database.php on line 7
[04-Mar-2016 21:38:03 UTC] PHP Stack trace:
[04-Mar-2016 21:38:03 UTC] PHP   1. {main}() /home/ubuntu/workspace/shoutit/index.php:0
[04-Mar-2016 21:38:04 UTC] PHP Parse error:  syntax error, unexpected ':', expecting ',' or ';' in /home/ubuntu/workspace/shoutit/database.php on line 7
[04-Mar-2016 21:38:04 UTC] PHP Stack trace:
[04-Mar-2016 21:38:04 UTC] PHP   1. {main}() /home/ubuntu/workspace/shoutit/index.php:0
[04-Mar-2016 21:40:48 UTC] PHP Parse error:  syntax error, unexpected ':', expecting ',' or ';' in /home/ubuntu/workspace/shoutit/database.php on line 7
[04-Mar-2016 21:40:48 UTC] PHP Stack trace:
[04-Mar-2016 21:40:48 UTC] PHP   1. {main}() /home/ubuntu/workspace/shoutit/index.php:0
[04-Mar-2016 21:40:49 UTC] PHP Parse error:  syntax error, unexpected ':', expecting ',' or ';' in /home/ubuntu/workspace/shoutit/database.php on line 7
[04-Mar-2016 21:40:49 UTC] PHP Stack trace:
[04-Mar-2016 21:40:49 UTC] PHP   1. {main}() /home/ubuntu/workspace/shoutit/index.php:0
[04-Mar-2016 21:41:01 UTC] PHP Parse error:  syntax error, unexpected ':', expecting ',' or ';' in /home/ubuntu/workspace/shoutit/database.php on line 7
[04-Mar-2016 21:41:01 UTC] PHP Stack trace:
[04-Mar-2016 21:41:01 UTC] PHP   1. {main}() /home/ubuntu/workspace/shoutit/index.php:0
[04-Mar-2016 21:41:03 UTC] PHP Parse error:  syntax error, unexpected ':', expecting ',' or ';' in /home/ubuntu/workspace/shoutit/database.php on line 7
[04-Mar-2016 21:41:03 UTC] PHP Stack trace:
[04-Mar-2016 21:41:03 UTC] PHP   1. {main}() /home/ubuntu/workspace/shoutit/index.php:0
[04-Mar-2016 21:41:04 UTC] PHP Parse error:  syntax error, unexpected ':', expecting ',' or ';' in /home/ubuntu/workspace/shoutit/database.php on line 7
[04-Mar-2016 21:41:04 UTC] PHP Stack trace:
[04-Mar-2016 21:41:04 UTC] PHP   1. {main}() /home/ubuntu/workspace/shoutit/index.php:0
[04-Mar-2016 21:41:05 UTC] PHP Parse error:  syntax error, unexpected ':', expecting ',' or ';' in /home/ubuntu/workspace/shoutit/database.php on line 7
[04-Mar-2016 21:41:05 UTC] PHP Stack trace:
[04-Mar-2016 21:41:05 UTC] PHP   1. {main}() /home/ubuntu/workspace/shoutit/index.php:0
[04-Mar-2016 21:41:07 UTC] PHP Parse error:  syntax error, unexpected ':', expecting ',' or ';' in /home/ubuntu/workspace/shoutit/database.php on line 7
[04-Mar-2016 21:41:07 UTC] PHP Stack trace:
[04-Mar-2016 21:41:07 UTC] PHP   1. {main}() /home/ubuntu/workspace/shoutit/index.php:0
[04-Mar-2016 21:41:11 UTC] PHP Parse error:  syntax error, unexpected ':', expecting ',' or ';' in /home/ubuntu/workspace/shoutit/database.php on line 7
[04-Mar-2016 21:41:11 UTC] PHP Stack trace:
[04-Mar-2016 21:41:11 UTC] PHP   1. {main}() /home/ubuntu/workspace/shoutit/index.php:0
[04-Mar-2016 21:41:11 UTC] PHP Parse error:  syntax error, unexpected ':', expecting ',' or ';' in /home/ubuntu/workspace/shoutit/database.php on line 7
[04-Mar-2016 21:41:11 UTC] PHP Stack trace:
[04-Mar-2016 21:41:11 UTC] PHP   1. {main}() /home/ubuntu/workspace/shoutit/index.php:0
[04-Mar-2016 21:41:23 UTC] PHP Warning:  mysqli_connect(): (HY000/1045): Access denied for user 'jacobjzhang'@'localhost' (using password: YES) in /home/ubuntu/workspace/shoutit/database.php on line 3
[04-Mar-2016 21:41:23 UTC] PHP Stack trace:
[04-Mar-2016 21:41:23 UTC] PHP   1. {main}() /home/ubuntu/workspace/shoutit/index.php:0
[04-Mar-2016 21:41:23 UTC] PHP   2. include() /home/ubuntu/workspace/shoutit/index.php:1
[04-Mar-2016 21:41:23 UTC] PHP   3. mysqli_connect() /home/ubuntu/workspace/shoutit/database.php:3
[04-Mar-2016 21:41:23 UTC] PHP Fatal error:  Function name must be a string in /home/ubuntu/workspace/shoutit/database.php on line 7
[04-Mar-2016 21:41:23 UTC] PHP Stack trace:
[04-Mar-2016 21:41:23 UTC] PHP   1. {main}() /home/ubuntu/workspace/shoutit/index.php:0
[04-Mar-2016 21:41:23 UTC] PHP   2. include() /home/ubuntu/workspace/shoutit/index.php:1
[04-Mar-2016 21:42:00 UTC] PHP Parse error:  syntax error, unexpected '}', expecting ',' or ';' in /home/ubuntu/workspace/shoutit/database.php on line 10
[04-Mar-2016 21:42:00 UTC] PHP Stack trace:
[04-Mar-2016 21:42:00 UTC] PHP   1. {main}() /home/ubuntu/workspace/shoutit/index.php:0
[04-Mar-2016 21:42:14 UTC] PHP Parse error:  syntax error, unexpected '}', expecting ',' or ';' in /home/ubuntu/workspace/shoutit/database.php on line 8
[04-Mar-2016 21:42:14 UTC] PHP Stack trace:
[04-Mar-2016 21:42:14 UTC] PHP   1. {main}() /home/ubuntu/workspace/shoutit/index.php:0
[04-Mar-2016 21:44:03 UTC] PHP Warning:  mysqli_connect(): (HY000/1045): Access denied for user 'jacobjzhang'@'localhost' (using password: YES) in /home/ubuntu/workspace/shoutit/database.php on line 3
[04-Mar-2016 21:44:03 UTC] PHP Stack trace:
[04-Mar-2016 21:44:03 UTC] PHP   1. {main}() /home/ubuntu/workspace/shoutit/index.php:0
[04-Mar-2016 21:44:03 UTC] PHP   2. include() /home/ubuntu/workspace/shoutit/index.php:1
[04-Mar-2016 21:44:03 UTC] PHP   3. mysqli_connect() /home/ubuntu/workspace/shoutit/database.php:3
[04-Mar-2016 21:47:32 UTC] PHP Parse error:  syntax error, unexpected '$shouts' (T_VARIABLE) in /home/ubuntu/workspace/shoutit/index.php on line 5
[09-Mar-2016 02:46:45 UTC] PHP Warning:  mysqli_fetch_assoc() expects parameter 1 to be mysqli_result, boolean given in /home/ubuntu/workspace/shoutit/index.php on line 22
[09-Mar-2016 02:46:45 UTC] PHP Stack trace:
[09-Mar-2016 02:46:45 UTC] PHP   1. {main}() /home/ubuntu/workspace/shoutit/index.php:0
[09-Mar-2016 02:46:45 UTC] PHP   2. mysqli_fetch_assoc() /home/ubuntu/workspace/shoutit/index.php:22
[09-Mar-2016 02:46:58 UTC] PHP Warning:  mysqli_fetch_assoc() expects parameter 1 to be mysqli_result, boolean given in /home/ubuntu/workspace/shoutit/index.php on line 22
[09-Mar-2016 02:46:58 UTC] PHP Stack trace:
[09-Mar-2016 02:46:58 UTC] PHP   1. {main}() /home/ubuntu/workspace/shoutit/index.php:0
[09-Mar-2016 02:46:58 UTC] PHP   2. mysqli_fetch_assoc() /home/ubuntu/workspace/shoutit/index.php:22
[09-Mar-2016 02:47:05 UTC] PHP Warning:  mysqli_fetch_assoc() expects parameter 1 to be mysqli_result, boolean given in /home/ubuntu/workspace/shoutit/index.php on line 22
[09-Mar-2016 02:47:05 UTC] PHP Stack trace:
[09-Mar-2016 02:47:05 UTC] PHP   1. {main}() /home/ubuntu/workspace/shoutit/index.php:0
[09-Mar-2016 02:47:05 UTC] PHP   2. mysqli_fetch_assoc() /home/ubuntu/workspace/shoutit/index.php:22
